<?xml version="1.0" encoding="UTF-8"?>
<!-- Generated by org.testng.reporters.JUnitXMLReporter -->
<testsuite hostname="Admin-PC" name="Run on CHROME" tests="2" failures="0" timestamp="21 Dec 2018 13:31:32 GMT" time="0.567" errors="0">
  <testcase name="@BeforeClass beforeClass" time="0.0" classname="com.liveguru.account.Account_01_RegisterAndLogin">
    <failure type="java.lang.IllegalStateException" message="The driver executable does not exist: D:\Automation tester_Online\Maven_Page_Object\.\resources\chromedriver.exe">
      <![CDATA[java.lang.IllegalStateException: The driver executable does not exist: D:\Automation tester_Online\Maven_Page_Object\.\resources\chromedriver.exe
	at com.google.common.base.Preconditions.checkState(Preconditions.java:199)
	at org.openqa.selenium.remote.service.DriverService.checkExecutable(DriverService.java:121)
	at org.openqa.selenium.remote.service.DriverService.findExecutable(DriverService.java:116)
	at org.openqa.selenium.chrome.ChromeDriverService.access$000(ChromeDriverService.java:32)
	at org.openqa.selenium.chrome.ChromeDriverService$Builder.findDefaultExecutable(ChromeDriverService.java:137)
	at org.openqa.selenium.remote.service.DriverService$Builder.build(DriverService.java:296)
	at org.openqa.selenium.chrome.ChromeDriverService.createDefaultService(ChromeDriverService.java:88)
	at org.openqa.selenium.chrome.ChromeDriver.<init>(ChromeDriver.java:116)
	at commons.AbstractTest.openMultiBrowser(AbstractTest.java:19)
	at com.liveguru.account.Account_01_RegisterAndLogin.beforeClass(Account_01_RegisterAndLogin.java:21)
... Removed 24 stack frames]]>
    </failure>
  </testcase> <!-- @BeforeClass beforeClass -->
  <testcase name="@AfterClass afterClass" time="0.0" classname="com.liveguru.account.Account_01_RegisterAndLogin">
    <skipped/>
  </testcase> <!-- @AfterClass afterClass -->
  <testcase name="TC_01_Regiser" time="0.001" classname="com.liveguru.account.Account_01_RegisterAndLogin">
    <skipped/>
  </testcase> <!-- TC_01_Regiser -->
  <testcase name="TC_02_Login" time="0.0" classname="com.liveguru.account.Account_01_RegisterAndLogin">
    <skipped/>
  </testcase> <!-- TC_02_Login -->
</testsuite> <!-- Run on CHROME -->
